<?xml version="1.0" encoding="UTF-8"?>
<!-- Generated by org.testng.reporters.JUnitXMLReporter -->
<testsuite ignored="0" hostname="mishika" failures="1" tests="2" name="Test_Login" time="18.507" errors="0" timestamp="21 Jun 2026 12:45:00 GMT">
  <testcase classname="tests.LoginTest" name="validDataLoginTest" time="2.634"/>
  <testcase classname="tests.LoginTest" name="validDataLoginTest" time="0.769">
    <failure type="java.lang.AssertionError" message="LogOut button not found">
      <![CDATA[java.lang.AssertionError: LogOut button not found
at tests.LoginTest.validDataLoginTest(LoginTest.java:43)
at java.base/java.util.concurrent.FutureTask.run(FutureTask.java:317)
at java.base/java.util.concurrent.ThreadPoolExecutor.runWorker(ThreadPoolExecutor.java:1144)
at java.base/java.util.concurrent.ThreadPoolExecutor$Worker.run(ThreadPoolExecutor.java:642)
at java.base/java.lang.Thread.run(Thread.java:1583)
... Removed 15 stack frames]]>
    </failure>
  </testcase> <!-- validDataLoginTest -->
</testsuite> <!-- Test_Login -->
