<?xml version="1.0" encoding="UTF-8"?>
<testsuite xmlns:xsi="http://www.w3.org/2001/XMLSchema-instance" xsi:noNamespaceSchemaLocation="https://maven.apache.org/surefire/maven-surefire-plugin/xsd/surefire-test-report-3.0.xsd" version="3.0" name="TestSuite" time="19.092" tests="2" errors="0" skipped="0" failures="1">
  <properties>
[...]
</properties>
  <testcase name="validDataLoginTest[Itest@test.com, Itest@test](1)" classname="tests.LoginTest" time="3.012">
    <system-out><![CDATA[[TestNGContentHandler] [WARN] It is strongly recommended to add "<!DOCTYPE suite SYSTEM "http://testng.org/testng-1.0.dtd" >" at the top of your file, otherwise TestNG may fail or not work as expected.
Testng started
Testng started
@Test started
@Test started
Before clicking: [[ChromeDriver: chrome on windows (d6bd7ed964845ac38bccc671608d2e3a)] -> link text: Log in]
After clicking: [[ChromeDriver: chrome on windows (d6bd7ed964845ac38bccc671608d2e3a)] -> link text: Log in]
Before clicking: [[ChromeDriver: chrome on windows (d6bd7ed964845ac38bccc671608d2e3a)] -> xpath: //input[@value='Log in']]
After clicking: [[ChromeDriver: chrome on windows (d6bd7ed964845ac38bccc671608d2e3a)] -> xpath: //input[@value='Log in']]
Before clicking: [[ChromeDriver: chrome on windows (d6bd7ed964845ac38bccc671608d2e3a)] -> link text: Log out]
After clicking: [[ChromeDriver: chrome on windows (d6bd7ed964845ac38bccc671608d2e3a)] -> link text: Log out]
@Test passed
@Test passed
]]></system-out>
    <system-err><![CDATA[Jun 21, 2026 6:14:50 PM org.openqa.selenium.devtools.CdpVersionFinder findNearestMatch
WARNING: Unable to find an exact match for CDP version 149, returning the closest version; found: 145; Please update to a Selenium version that supports CDP version 149
]]></system-err>
  </testcase>
  <testcase name="validDataLoginTest[xyz, xyz_password](2)" classname="tests.LoginTest" time="1.062">
    <failure message="LogOut button not found" type="java.lang.AssertionError"><![CDATA[java.lang.AssertionError: LogOut button not found
	at tests.LoginTest.validDataLoginTest(LoginTest.java:43)
]]></failure>
    <system-out><![CDATA[@Test started
@Test started
Before clicking: [[ChromeDriver: chrome on windows (8e18b05b930178098f9ec4e75c773d86)] -> link text: Log in]
After clicking: [[ChromeDriver: chrome on windows (8e18b05b930178098f9ec4e75c773d86)] -> link text: Log in]
Before clicking: [[ChromeDriver: chrome on windows (8e18b05b930178098f9ec4e75c773d86)] -> xpath: //input[@value='Log in']]
After clicking: [[ChromeDriver: chrome on windows (8e18b05b930178098f9ec4e75c773d86)] -> xpath: //input[@value='Log in']]
Error occurred: null
@Test failed
@Test failed
]]></system-out>
    <system-err><![CDATA[Jun 21, 2026 6:14:56 PM org.openqa.selenium.remote.http.WebSocket$Listener onError
WARNING: Connection reset
java.net.SocketException: Connection reset
	at java.base/sun.nio.ch.SocketChannelImpl.throwConnectionReset(SocketChannelImpl.java:401)
	at java.base/sun.nio.ch.SocketChannelImpl.read(SocketChannelImpl.java:434)
	at java.net.http/jdk.internal.net.http.SocketTube.readAvailable(SocketTube.java:1178)
	at java.net.http/jdk.internal.net.http.SocketTube$InternalReadPublisher$InternalReadSubscription.read(SocketTube.java:841)
	at java.net.http/jdk.internal.net.http.SocketTube$SocketFlowTask.run(SocketTube.java:181)
	at java.net.http/jdk.internal.net.http.common.SequentialScheduler$SchedulableTask.run(SequentialScheduler.java:207)
	at java.net.http/jdk.internal.net.http.common.SequentialScheduler.runOrSchedule(SequentialScheduler.java:280)
	at java.net.http/jdk.internal.net.http.common.SequentialScheduler.runOrSchedule(SequentialScheduler.java:233)
	at java.net.http/jdk.internal.net.http.SocketTube$InternalReadPublisher$InternalReadSubscription.signalReadable(SocketTube.java:782)
	at java.net.http/jdk.internal.net.http.SocketTube$InternalReadPublisher$ReadEvent.signalEvent(SocketTube.java:965)
	at java.net.http/jdk.internal.net.http.SocketTube$SocketFlowEvent.handle(SocketTube.java:253)
	at java.net.http/jdk.internal.net.http.HttpClientImpl$SelectorManager.handleEvent(HttpClientImpl.java:1477)
	at java.net.http/jdk.internal.net.http.HttpClientImpl$SelectorManager.lambda$run$3(HttpClientImpl.java:1422)
	at java.base/java.util.ArrayList.forEach(ArrayList.java:1596)
	at java.net.http/jdk.internal.net.http.HttpClientImpl$SelectorManager.run(HttpClientImpl.java:1422)

Jun 21, 2026 6:14:56 PM org.openqa.selenium.devtools.CdpVersionFinder findNearestMatch
WARNING: Unable to find an exact match for CDP version 149, returning the closest version; found: 145; Please update to a Selenium version that supports CDP version 149
]]></system-err>
  </testcase>
</testsuite>