<?xml version="1.0" encoding="UTF-8"?>
<testng-results ignored="0" total="2" passed="1" failed="1" skipped="0">
  <reporter-output>
  </reporter-output>
  <suite started-at="2026-04-15T05:33:04Z" name="Suite" finished-at="2026-04-15T05:33:19Z" duration-ms="14565">
    <groups>
    </groups>
    <test started-at="2026-04-15T05:33:04Z" name="Test_Login" finished-at="2026-04-15T05:33:19Z" duration-ms="14565">
      <class name="tests.LoginTest">
        <test-method is-config="true" signature="intialization(java.lang.String, java.lang.String, java.lang.String, java.lang.String)[pri:0, instance:tests.LoginTest@794cb805]" started-at="2026-04-15T05:33:04Z" name="intialization" finished-at="2026-04-15T05:33:10Z" duration-ms="5452" status="PASS">
          <params>
            <param index="0">
              <value>
                <![CDATA[chrome]]>
              </value>
            </param>
            <param index="1">
              <value>
                <![CDATA[local]]>
              </value>
            </param>
            <param index="2">
              <value>
                <![CDATA[http://demowebshop.tricentis.com/]]>
              </value>
            </param>
            <param index="3">
              <value>
                <![CDATA[http://172.30.48.1:4444/wd/hub]]>
              </value>
            </param>
          </params>
          <reporter-output>
          </reporter-output>
        </test-method> <!-- intialization -->
        <test-method signature="validDataLoginTest(java.lang.String, java.lang.String)[pri:0, instance:tests.LoginTest@794cb805]" started-at="2026-04-15T05:33:10Z" name="validDataLoginTest" data-provider="loginData" finished-at="2026-04-15T05:33:12Z" duration-ms="2502" status="PASS">
          <params>
            <param index="0">
              <value>
                <![CDATA[Itest@test.com]]>
              </value>
            </param>
            <param index="1">
              <value>
                <![CDATA[Itest@test]]>
              </value>
            </param>
          </params>
          <reporter-output>
          </reporter-output>
        </test-method> <!-- validDataLoginTest -->
        <test-method is-config="true" signature="tearDown()[pri:0, instance:tests.LoginTest@794cb805]" started-at="2026-04-15T05:33:13Z" name="tearDown" finished-at="2026-04-15T05:33:13Z" duration-ms="161" status="PASS">
          <reporter-output>
          </reporter-output>
        </test-method> <!-- tearDown -->
        <test-method is-config="true" signature="intialization(java.lang.String, java.lang.String, java.lang.String, java.lang.String)[pri:0, instance:tests.LoginTest@794cb805]" started-at="2026-04-15T05:33:13Z" name="intialization" finished-at="2026-04-15T05:33:17Z" duration-ms="4200" status="PASS">
          <params>
            <param index="0">
              <value>
                <![CDATA[chrome]]>
              </value>
            </param>
            <param index="1">
              <value>
                <![CDATA[local]]>
              </value>
            </param>
            <param index="2">
              <value>
                <![CDATA[http://demowebshop.tricentis.com/]]>
              </value>
            </param>
            <param index="3">
              <value>
                <![CDATA[http://172.30.48.1:4444/wd/hub]]>
              </value>
            </param>
          </params>
          <reporter-output>
          </reporter-output>
        </test-method> <!-- intialization -->
        <test-method signature="validDataLoginTest(java.lang.String, java.lang.String)[pri:0, instance:tests.LoginTest@794cb805]" started-at="2026-04-15T05:33:17Z" name="validDataLoginTest" data-provider="loginData" finished-at="2026-04-15T05:33:18Z" duration-ms="993" status="FAIL">
          <params>
            <param index="0">
              <value>
                <![CDATA[xyz]]>
              </value>
            </param>
            <param index="1">
              <value>
                <![CDATA[xyz_password]]>
              </value>
            </param>
          </params>
          <exception class="java.lang.AssertionError">
            <message>
              <![CDATA[LogOut button not found]]>
            </message>
            <full-stacktrace>
              <![CDATA[java.lang.AssertionError: LogOut button not found
at org.testng.Assert.fail(Assert.java:96)
at tests.LoginTest.validDataLoginTest(LoginTest.java:43)
at java.base/jdk.internal.reflect.DirectMethodHandleAccessor.invoke(DirectMethodHandleAccessor.java:103)
at java.base/java.lang.reflect.Method.invoke(Method.java:580)
at org.testng.internal.MethodInvocationHelper.invokeMethod(MethodInvocationHelper.java:124)
at org.testng.internal.Invoker.invokeMethod(Invoker.java:583)
at org.testng.internal.Invoker.invokeTestMethod(Invoker.java:719)
at org.testng.internal.Invoker.invokeTestMethods(Invoker.java:989)
at org.testng.internal.TestMethodWorker.invokeTestMethods(TestMethodWorker.java:125)
at org.testng.internal.TestMethodWorker.run(TestMethodWorker.java:109)
at org.testng.TestRunner.privateRun(TestRunner.java:648)
at org.testng.TestRunner.run(TestRunner.java:505)
at org.testng.SuiteRunner.runTest(SuiteRunner.java:455)
at org.testng.SuiteRunner.access$000(SuiteRunner.java:40)
at org.testng.SuiteRunner$SuiteWorker.run(SuiteRunner.java:489)
at org.testng.internal.thread.ThreadUtil$1.call(ThreadUtil.java:52)
at java.base/java.util.concurrent.FutureTask.run(FutureTask.java:317)
at java.base/java.util.concurrent.ThreadPoolExecutor.runWorker(ThreadPoolExecutor.java:1144)
at java.base/java.util.concurrent.ThreadPoolExecutor$Worker.run(ThreadPoolExecutor.java:642)
at java.base/java.lang.Thread.run(Thread.java:1583)
]]>
            </full-stacktrace>
          </exception> <!-- java.lang.AssertionError -->
          <reporter-output>
          </reporter-output>
        </test-method> <!-- validDataLoginTest -->
        <test-method is-config="true" signature="tearDown()[pri:0, instance:tests.LoginTest@794cb805]" started-at="2026-04-15T05:33:19Z" name="tearDown" finished-at="2026-04-15T05:33:19Z" duration-ms="202" status="PASS">
          <reporter-output>
          </reporter-output>
        </test-method> <!-- tearDown -->
      </class> <!-- tests.LoginTest -->
    </test> <!-- Test_Login -->
  </suite> <!-- Suite -->
</testng-results>
